srhoadsmac:~ srhoads$ cd GitHub/shiny-example-1-test/
srhoadsmac:shiny-example-1-test srhoads$ git init
Reinitialized existing Git repository in /Users/srhoads/GitHub/shiny-example-1-test/.git/
srhoadsmac:shiny-example-1-test srhoads$ heroku apps:create shiny-example-1-test
Creating â¬¢ shiny-example-1-test... !
 â–¸    Name shiny-example-1-test is already taken
srhoadsmac:shiny-example-1-test srhoads$ heroku apps:create shiny-example-1-test
Creating â¬¢ shiny-example-1-test... done
https://shiny-example-1-test.herokuapp.com/ | https://git.heroku.com/shiny-example-1-test.git
srhoadsmac:shiny-example-1-test srhoads$ heroku labs:enable websockets -a shiny-example-1-test
 â–¸    Couldn't find that feature.
srhoadsmac:shiny-example-1-test srhoads$ brew tap heroku/brew && brew install heroku
Updating Homebrew...
==> Auto-updated Homebrew!
Updated 3 taps (homebrew/core, homebrew/cask and caskroom/versions).
==> New Formulae
lazydocker
==> Updated Formulae
cmake âœ”                  gatsby-cli               mingw-w64                sonobuoy
gnutls âœ”                 gearman                  mkl-dnn                  spdylay
libevent âœ”               getdns                   mono                     sphinx-doc
node âœ”                   gitbucket                mtr                      spim
unbound âœ”                gitleaks                 mysql@5.7                spirv-cross
agedu                    glooctl                  nnn                      src
anycable-go              goreleaser               node@10                  srt
armadillo                grafana                  nsd                      sslsplit
aspell                   grok                     nylon                    sstp-client
atomist-cli              groonga                  ocproxy                  stolon
autorest                 gsoap                    omega                    stow
awscli                   gtk-doc                  oniguruma                syncthing
balena-cli               highlight                opa                      tarantool
bear                     imagemagick              open-mpi                 taskell
bind                     inlets                   ori                      telegraf
bitcoin                  ipfs                     packer                   telegram-cli
calicoctl                jemalloc                 pango                    terraform-inventory
camlp5                   jenkins                  pc6001vx                 terraformer
cash-cli                 jing-trang               pcb2gcode                tile38
cfn-lint                 kube-aws                 pdns                     tmate
cgrep                    kubernetes-cli           pdnsrec                  tmux
citus                    lammps                   pegtl                    tor
clamav                   lego                     pgbouncer                transmission
consul-template          libcouchbase             phpunit                  ttyd
coturn                   libevhtp                 picard-tools             twemcache
crystal                  libexosip                pre-commit               ucloud
crystal-icr              libgee                   pulumi                   vala
dependency-check         libraw                   pushpin                  vault
dialog                   librealsense             re-flex                  vim
dnscrypt-wrapper         libvirt                  re2c                     vimpc
docfx                    libwebsockets            redsocks                 vit
doctl                    liquid-dsp               remctl                   vtk
elektra                  lldpd                    rke                      webdis
exempi                   llvm                     saldl                    webtorrent-cli
exploitdb                lmod                     scrcpy                   wireguard-go
faas-cli                 mame                     shadowenv                xapian
faudio                   mediaconch               shellharden              xdot
folly                    memcached                ship                     xtensor
fontforge                memcacheq                skaffold                 yaws
fragroute                mercurial                skopeo                   you-get
frps                     mesa                     sleuthkit
fstrm                    micronaut                sonarqube

==> Installing heroku from heroku/brew
Error: heroku 7.26.2 is already installed
To upgrade to 7.27.1, run `brew upgrade heroku`.
srhoadsmac:shiny-example-1-test srhoads$ brew upgrade heroku
Updating Homebrew...
==> Upgrading 1 outdated package:
heroku/brew/heroku 7.26.2 -> 7.27.1
==> Upgrading heroku/brew/heroku
==> Downloading https://cli-assets.heroku.com/heroku-v7.27.1/heroku-v7.27.1.tar.xz
######################################################################## 100.0%
==> Caveats
To use the Heroku CLI's autocomplete --
  Via homebrew's shell completion:
    1) Follow homebrew's install instructions https://docs.brew.sh/Shell-Completion
        NOTE: For zsh, as the instructions mention, be sure compinit is autoloaded
              and called, either explicitly or via a framework like oh-my-zsh.
    2) Then run
      $ heroku autocomplete --refresh-cache

  OR

  Use our standalone setup:
    1) Run and follow the install steps:
      $ heroku autocomplete

Bash completion has been installed to:
  /usr/local/etc/bash_completion.d

zsh completions have been installed to:
  /usr/local/share/zsh/site-functions
==> Summary
ðŸº  /usr/local/Cellar/heroku/7.27.1: 23,555 files, 55.3MB, built in 51 seconds
Removing: /usr/local/Cellar/heroku/7.26.2... (17,985 files, 46.2MB)
Removing: /Users/srhoads/Library/Caches/Homebrew/heroku--7.26.2.tar.xz... (6.4MB)
srhoadsmac:shiny-example-1-test srhoads$ heroku labs:enable websockets -a shiny-example-1-test
 â–¸    Couldn't find that feature.
srhoadsmac:shiny-example-1-test srhoads$ git push heroku
Enumerating objects: 8, done.
Counting objects: 100% (8/8), done.
Delta compression using up to 8 threads.
Compressing objects: 100% (7/7), done.
Writing objects: 100% (8/8), 1.45 KiB | 1.45 MiB/s, done.
Total 8 (delta 0), reused 0 (delta 0)
remote: Compressing source files... done.
remote: Building source:
remote:
remote:  !     No default language could be detected for this app.
remote: 			HINT: This occurs when Heroku cannot detect the buildpack to use for this application automatically.
remote: 			See https://devcenter.heroku.com/articles/buildpacks
remote:
remote:  !     Push failed
remote: Verifying deploy...
remote:
remote: !	Push rejected to shiny-example-1-test.
remote:
To https://git.heroku.com/shiny-example-1-test.git
 ! [remote rejected] master -> master (pre-receive hook declined)
error: failed to push some refs to 'https://git.heroku.com/shiny-example-1-test.git'
srhoadsmac:shiny-example-1-test srhoads$ heroku create --buildpack https://github.com/btubbs/heroku-buildpack-shiny.git
Creating app... done, â¬¢ limitless-cove-15477
Setting buildpack to https://github.com/btubbs/heroku-buildpack-shiny.git... done
https://limitless-cove-15477.herokuapp.com/ | https://git.heroku.com/limitless-cove-15477.git
srhoadsmac:shiny-example-1-test srhoads$ git push heroku
Enumerating objects: 8, done.
Counting objects: 100% (8/8), done.
Delta compression using up to 8 threads.
Compressing objects: 100% (7/7), done.
Writing objects: 100% (8/8), 1.45 KiB | 1.45 MiB/s, done.
Total 8 (delta 0), reused 0 (delta 0)
remote: Compressing source files... done.
remote: Building source:
remote:
remote:  !     No default language could be detected for this app.
remote: 			HINT: This occurs when Heroku cannot detect the buildpack to use for this application automatically.
remote: 			See https://devcenter.heroku.com/articles/buildpacks
remote:
remote:  !     Push failed
remote: Verifying deploy...
remote:
remote: !	Push rejected to shiny-example-1-test.
remote:
To https://git.heroku.com/shiny-example-1-test.git
 ! [remote rejected] master -> master (pre-receive hook declined)
error: failed to push some refs to 'https://git.heroku.com/shiny-example-1-test.git'
srhoadsmac:shiny-example-1-test srhoads$ heroku config:set BUILDPACK_URL=https://github.com/btubbs/heroku-buildpack-shiny.git
Setting BUILDPACK_URL and restarting â¬¢ shiny-example-1-test... done, v3
BUILDPACK_URL: https://github.com/btubbs/heroku-buildpack-shiny.git
srhoadsmac:shiny-example-1-test srhoads$ git push heroku
Enumerating objects: 8, done.
Counting objects: 100% (8/8), done.
Delta compression using up to 8 threads.
Compressing objects: 100% (7/7), done.
Writing objects: 100% (8/8), 1.45 KiB | 1.45 MiB/s, done.
Total 8 (delta 0), reused 0 (delta 0)
remote: Compressing source files... done.
remote: Building source:
remote:
remote: -----> R Shiny app detected
remote:        Vendoring R 3.0.2
remote:        Downloading and unpacking R binaries
remote:        Installing packages from packages.R
remote: /app/vendor/R/lib64/R/bin/exec/R: error while loading shared libraries: libreadline.so.5: cannot open shared object file: No such file or directory
remote:        R 3.0.2 successfully installed
remote: Caching R directories for future builds
remote: rm: cannot remove '/tmp/build_d00597a15a9c743bf53399908a11c17b/vendor/redis-rb': No such file or directory
remote: rm: cannot remove '/tmp/build_d00597a15a9c743bf53399908a11c17b/vendor/ruby-1.9.2': No such file or directory
remote: -----> Discovering process types
remote:        Procfile declares types -> web
remote:
remote: -----> Compressing...
remote:        Done: 105.5M
remote: -----> Launching...
remote:        Released v5
remote:        https://shiny-example-1-test.herokuapp.com/ deployed to Heroku
remote:
remote: Verifying deploy... done.
To https://git.heroku.com/shiny-example-1-test.git
 * [new branch]      master -> master
srhoadsmac:shiny-example-1-test srhoads$ heroku logs --tail
2019-08-08T16:26:23.591388+00:00 app[api]: Release v1 created by user skr2150@columbia.edu
2019-08-08T16:26:23.591388+00:00 app[api]: Initial release by user skr2150@columbia.edu
2019-08-08T16:26:23.773538+00:00 app[api]: Release v2 created by user skr2150@columbia.edu
2019-08-08T16:26:23.773538+00:00 app[api]: Enable Logplex by user skr2150@columbia.edu
2019-08-08T16:33:17.000000+00:00 app[api]: Build started by user skr2150@columbia.edu
2019-08-08T16:33:18.000000+00:00 app[api]: Build failed -- check your build output: https://dashboard.heroku.com/apps/abe886e5-38e8-41bd-82c9-391a103b3d63/activity/builds/c84188a0-332f-4811-bad9-4f4ce3d4313c
2019-08-08T16:33:58.000000+00:00 app[api]: Build started by user skr2150@columbia.edu
2019-08-08T16:33:59.000000+00:00 app[api]: Build failed -- check your build output: https://dashboard.heroku.com/apps/abe886e5-38e8-41bd-82c9-391a103b3d63/activity/builds/f1d22b74-f6ea-483a-8285-d765eccc286d
2019-08-08T16:34:19.509817+00:00 app[api]: Set BUILDPACK_URL config vars by user skr2150@columbia.edu
2019-08-08T16:34:19.509817+00:00 app[api]: Release v3 created by user skr2150@columbia.edu
2019-08-08T16:34:28.000000+00:00 app[api]: Build started by user skr2150@columbia.edu
2019-08-08T16:34:52.729215+00:00 app[api]: Set CPPFLAGS, LDFLAGS, LD_LIBRARY_PATH, PATH, PKG_CONFIG_PATH, R_HOME, R_INCLUDE config vars by user skr2150@columbia.edu
2019-08-08T16:34:52.729215+00:00 app[api]: Release v4 created by user skr2150@columbia.edu
2019-08-08T16:34:53.019039+00:00 app[api]: Deploy d7eb6dc4 by user skr2150@columbia.edu
2019-08-08T16:34:53.019039+00:00 app[api]: Release v5 created by user skr2150@columbia.edu
2019-08-08T16:34:53.036368+00:00 app[api]: Scaled to web@1:Free by user skr2150@columbia.edu
2019-08-08T16:34:58.093677+00:00 heroku[web.1]: Starting process with command `R -e "shiny::runApp('.', as.numeric(Sys.getenv(\"PORT\")))"`
2019-08-08T16:34:59.668296+00:00 heroku[web.1]: State changed from starting to crashed
2019-08-08T16:34:59.675670+00:00 heroku[web.1]: State changed from crashed to starting
2019-08-08T16:34:59.648908+00:00 heroku[web.1]: Process exited with status 127
2019-08-08T16:34:59.595526+00:00 app[web.1]: WARNING: ignoring environment value of R_HOME
2019-08-08T16:34:59.603324+00:00 app[web.1]: /app/vendor/R/lib64/R/bin/exec/R: error while loading shared libraries: libreadline.so.5: cannot open shared object file: No such file or directory
2019-08-08T16:35:05.054243+00:00 heroku[web.1]: Starting process with command `R -e "shiny::runApp('.', as.numeric(Sys.getenv(\"PORT\")))"`
2019-08-08T16:35:06.692855+00:00 heroku[web.1]: State changed from starting to crashed
2019-08-08T16:35:06.670585+00:00 heroku[web.1]: Process exited with status 127
2019-08-08T16:35:06.618031+00:00 app[web.1]: WARNING: ignoring environment value of R_HOME
2019-08-08T16:35:06.627408+00:00 app[web.1]: /app/vendor/R/lib64/R/bin/exec/R: error while loading shared libraries: libreadline.so.5: cannot open shared object file: No such file or directory
2019-08-08T16:35:12.000000+00:00 app[api]: Build succeeded
2019-08-08T16:36:15.681567+00:00 heroku[router]: at=error code=H10 desc="App crashed" method=GET path="/" host=shiny-example-1-test.herokuapp.com request_id=5725dce5-cf8a-424e-868d-b56cbc35d061 fwd="63.119.203.4" dyno= connect= service= status=503 bytes= protocol=https
2019-08-08T16:36:16.257149+00:00 heroku[router]: at=error code=H10 desc="App crashed" method=GET path="/favicon.ico" host=shiny-example-1-test.herokuapp.com request_id=06b3264b-082f-4ae2-b2f1-b2e392f222c6 fwd="63.119.203.4" dyno= connect= service= status=503 bytes= protocol=https
